[0m18:42:59.849365 [debug] [MainThread]: Sending event: {'category': 'dbt', 'action': 'invocation', 'label': 'start', 'context': [<snowplow_tracker.self_describing_json.SelfDescribingJson object at 0x1067d1c70>, <snowplow_tracker.self_describing_json.SelfDescribingJson object at 0x1049f0970>, <snowplow_tracker.self_describing_json.SelfDescribingJson object at 0x10836aa60>]}


============================== 18:42:59.852595 | bfbb88b8-67af-4eb1-9a2c-f7eae1c8d54d ==============================
[0m18:42:59.852595 [info ] [MainThread]: Running with dbt=1.6.3
[0m18:42:59.852875 [debug] [MainThread]: running dbt with arguments {'printer_width': '80', 'indirect_selection': 'eager', 'write_json': 'True', 'log_cache_events': 'False', 'partial_parse': 'True', 'cache_selected_only': 'False', 'warn_error': 'None', 'debug': 'False', 'version_check': 'True', 'log_path': 'logs', 'profiles_dir': '/Users/louisboivin/.dbt', 'fail_fast': 'False', 'use_colors': 'True', 'use_experimental_parser': 'False', 'no_print': 'None', 'quiet': 'False', 'log_format': 'default', 'static_parser': 'True', 'warn_error_options': 'WarnErrorOptions(include=[], exclude=[])', 'invocation_command': 'dbt init jaffle_shop', 'target_path': 'None', 'introspect': 'True', 'send_anonymous_usage_stats': 'True'}
[0m18:42:59.853130 [warn ] [MainThread]: [ConfigFolderDirectory]: Unable to parse dict {'dir': PosixPath('/Users/louisboivin/.dbt')}
[0m18:42:59.853286 [info ] [MainThread]: Creating dbt configuration folder at 
[0m18:42:59.853750 [debug] [MainThread]: Starter project path: /Users/louisboivin/Documents/Data/python/dbt-tutorial/dbt-env/lib/python3.9/site-packages/dbt/include/starter_project
[0m18:42:59.857194 [info ] [MainThread]: 
Your new dbt project "jaffle_shop" was created!

For more information on how to configure the profiles.yml file,
please consult the dbt documentation here:

  https://docs.getdbt.com/docs/configure-your-profile

One more thing:

Need help? Don't hesitate to reach out to us via GitHub issues or on Slack:

  https://community.getdbt.com/

Happy modeling!

[0m18:42:59.857365 [info ] [MainThread]: Setting up your profile.
[0m18:47:53.016627 [info ] [MainThread]: Profile jaffle_shop written to /Users/louisboivin/.dbt/profiles.yml using target's profile_template.yml and your supplied values. Run 'dbt debug' to validate the connection.
[0m18:47:53.022127 [debug] [MainThread]: Command `dbt init` succeeded at 18:47:53.021319 after 293.19 seconds
[0m18:47:53.023543 [debug] [MainThread]: Sending event: {'category': 'dbt', 'action': 'invocation', 'label': 'end', 'context': [<snowplow_tracker.self_describing_json.SelfDescribingJson object at 0x1067d1c70>, <snowplow_tracker.self_describing_json.SelfDescribingJson object at 0x10915d2e0>, <snowplow_tracker.self_describing_json.SelfDescribingJson object at 0x10915d3d0>]}
[0m18:47:53.024640 [debug] [MainThread]: Flushing usage events
